TN:
SF:/Users/Inkovskiy/Sites/Page Loader JS/src/errorHandler.js
FN:3,(anonymous_0)
FN:8,(anonymous_1)
FNF:2
FNH:2
FNDA:2,(anonymous_0)
FNDA:2,(anonymous_1)
DA:3,1
DA:4,2
DA:5,2
DA:8,2
LF:4
LH:4
BRDA:4,0,0,1
BRDA:4,0,1,1
BRDA:5,1,0,1
BRDA:5,1,1,1
BRF:4
BRH:4
end_of_record
TN:
SF:/Users/Inkovskiy/Sites/Page Loader JS/src/index.js
FN:13,(anonymous_0)
FN:18,(anonymous_1)
FN:25,(anonymous_2)
FN:27,(anonymous_3)
FN:30,(anonymous_4)
FN:42,(anonymous_5)
FN:45,(anonymous_6)
FN:46,(anonymous_7)
FN:53,(anonymous_8)
FN:55,(anonymous_9)
FN:58,(anonymous_10)
FN:66,(anonymous_11)
FN:72,(anonymous_12)
FN:80,(anonymous_13)
FN:86,(anonymous_14)
FN:92,(anonymous_15)
FN:100,(anonymous_16)
FN:103,(anonymous_17)
FN:104,(anonymous_18)
FN:110,(anonymous_19)
FN:113,(anonymous_20)
FN:116,(anonymous_21)
FN:125,(anonymous_22)
FN:129,(anonymous_23)
FN:130,(anonymous_24)
FN:131,(anonymous_25)
FN:132,(anonymous_26)
FN:133,(anonymous_27)
FN:134,(anonymous_28)
FN:135,(anonymous_29)
FNF:30
FNH:29
FNDA:18,(anonymous_0)
FNDA:14,(anonymous_1)
FNDA:4,(anonymous_2)
FNDA:2,(anonymous_3)
FNDA:1,(anonymous_4)
FNDA:1,(anonymous_5)
FNDA:3,(anonymous_6)
FNDA:7,(anonymous_7)
FNDA:1,(anonymous_8)
FNDA:4,(anonymous_9)
FNDA:4,(anonymous_10)
FNDA:3,(anonymous_11)
FNDA:3,(anonymous_12)
FNDA:0,(anonymous_13)
FNDA:1,(anonymous_14)
FNDA:10,(anonymous_15)
FNDA:1,(anonymous_16)
FNDA:3,(anonymous_17)
FNDA:7,(anonymous_18)
FNDA:1,(anonymous_19)
FNDA:1,(anonymous_20)
FNDA:3,(anonymous_21)
FNDA:2,(anonymous_22)
FNDA:2,(anonymous_23)
FNDA:1,(anonymous_24)
FNDA:1,(anonymous_25)
FNDA:1,(anonymous_26)
FNDA:1,(anonymous_27)
FNDA:1,(anonymous_28)
FNDA:2,(anonymous_29)
DA:11,1
DA:13,1
DA:14,18
DA:15,18
DA:18,1
DA:19,14
DA:20,14
DA:21,14
DA:22,14
DA:25,4
DA:27,1
DA:28,2
DA:29,2
DA:31,1
DA:32,1
DA:36,1
DA:42,1
DA:43,1
DA:44,1
DA:45,3
DA:46,7
DA:48,1
DA:50,1
DA:53,1
DA:54,1
DA:55,1
DA:56,4
DA:59,4
DA:60,4
DA:61,1
DA:62,1
DA:64,3
DA:67,3
DA:68,3
DA:69,3
DA:70,3
DA:71,3
DA:73,3
DA:74,3
DA:79,4
DA:81,0
DA:82,0
DA:83,0
DA:87,1
DA:88,1
DA:92,1
DA:93,10
DA:94,3
DA:96,7
DA:97,7
DA:100,1
DA:101,1
DA:102,1
DA:103,3
DA:104,7
DA:105,1
DA:107,1
DA:110,1
DA:111,1
DA:112,1
DA:113,1
DA:116,1
DA:117,3
DA:118,3
DA:119,3
DA:120,3
DA:121,3
DA:123,3
DA:124,3
DA:126,2
DA:127,2
DA:129,2
DA:130,1
DA:131,1
DA:132,1
DA:133,1
DA:134,1
DA:136,2
DA:137,2
DA:138,2
LF:80
LH:77
BRDA:20,0,0,14
BRDA:20,0,1,9
BRDA:60,1,0,1
BRDA:60,1,1,3
BRDA:93,2,0,3
BRDA:93,2,1,7
BRDA:97,3,0,1
BRDA:97,3,1,6
BRDA:116,4,0,0
BRF:9
BRH:8
end_of_record
